<?xml version="1.0" encoding="UTF-8"?>
<!-- Generated by org.testng.reporters.JUnitReportReporter -->
<testsuite ignored="0" hostname="DESKTOP-6K6D6KB" failures="0" tests="2" name="seleniumQA1.OlayLoginMultipleData" time="52.260" errors="0" timestamp="16 Apr 2020 15:18:39 GMT" skipped="0">
  <testcase classname="seleniumQA1.OlayLoginMultipleData" name="loginWithMultipleData" time="15.040"/>
  <testcase classname="seleniumQA1.OlayLoginMultipleData" name="loginWithMultipleData" time="37.220"/>
</testsuite> <!-- seleniumQA1.OlayLoginMultipleData -->
