<?xml version="1.0" encoding="UTF-8"?>
<!-- Generated by org.testng.reporters.JUnitReportReporter -->
<testsuite ignored="0" hostname="DESKTOP-6K6D6KB" failures="0" tests="1" name="seleniumQA1.ParameterizedTest1" time="7.256" errors="0" timestamp="14 Apr 2020 15:41:29 GMT" skipped="0">
  <testcase classname="seleniumQA1.ParameterizedTest1" name="test" time="7.256"/>
</testsuite> <!-- seleniumQA1.ParameterizedTest1 -->
