<?xml version="1.0" encoding="UTF-8"?>
<!-- Generated by org.testng.reporters.JUnitReportReporter -->
<testsuite ignored="0" hostname="DESKTOP-6K6D6KB" failures="0" tests="6" name="seleniumQA1.MallikarjunaTestNG11" time="130.986" errors="0" timestamp="13 Apr 2020 17:17:46 GMT" skipped="0">
  <testcase classname="seleniumQA1.MallikarjunaTestNG11" name="clickonLinkTextOnNewWindow" time="32.066"/>
  <testcase classname="seleniumQA1.MallikarjunaTestNG11" name="fillContactForm" time="17.562"/>
  <testcase classname="seleniumQA1.MallikarjunaTestNG11" name="datePicker" time="20.612"/>
  <testcase classname="seleniumQA1.MallikarjunaTestNG11" name="clickonPartialLinkTextOnNewWindow" time="26.138"/>
  <testcase classname="seleniumQA1.MallikarjunaTestNG11" name="dragAndDrop" time="15.859"/>
  <testcase classname="seleniumQA1.MallikarjunaTestNG11" name="clickItems" time="18.749"/>
</testsuite> <!-- seleniumQA1.MallikarjunaTestNG11 -->
