<?xml version="1.0" encoding="UTF-8"?>
<!-- Generated by org.testng.reporters.JUnitReportReporter -->
<testsuite ignored="0" hostname="DESKTOP-6K6D6KB" failures="0" tests="6" name="seleniumQA1.MallikarjunaTestNG10" time="162.708" errors="0" timestamp="13 Apr 2020 17:17:46 GMT" skipped="0">
  <testcase classname="seleniumQA1.MallikarjunaTestNG10" name="dragAndDrop" time="14.581"/>
  <testcase classname="seleniumQA1.MallikarjunaTestNG10" name="datePicker" time="24.600"/>
  <testcase classname="seleniumQA1.MallikarjunaTestNG10" name="clickonPartialLinkTextOnNewWindow" time="32.439"/>
  <testcase classname="seleniumQA1.MallikarjunaTestNG10" name="clickItems" time="20.070"/>
  <testcase classname="seleniumQA1.MallikarjunaTestNG10" name="fillContactForm" time="19.658"/>
  <testcase classname="seleniumQA1.MallikarjunaTestNG10" name="clickonLinkTextOnNewWindow" time="51.360"/>
</testsuite> <!-- seleniumQA1.MallikarjunaTestNG10 -->
