<?xml version="1.0" encoding="UTF-8"?>
<!-- Generated by org.testng.reporters.JUnitReportReporter -->
<testsuite ignored="0" hostname="DESKTOP-6K6D6KB" failures="0" tests="2" name="seleniumQA1.OlayInvalidLogin" time="42.636" errors="0" timestamp="15 Apr 2020 15:07:57 GMT" skipped="0">
  <testcase classname="seleniumQA1.OlayInvalidLogin" name="invalidLogin" time="19.878"/>
  <testcase classname="seleniumQA1.OlayInvalidLogin" name="invalidLogin" time="22.758"/>
</testsuite> <!-- seleniumQA1.OlayInvalidLogin -->
