<?xml version="1.0" encoding="UTF-8"?>
<!-- Generated by org.testng.reporters.JUnitReportReporter -->
<testsuite ignored="0" hostname="DESKTOP-6K6D6KB" failures="0" tests="4" name="seleniumQA1.MallikarjunaTestNG13" time="124.216" errors="0" timestamp="13 Apr 2020 17:17:46 GMT" skipped="0">
  <testcase classname="seleniumQA1.MallikarjunaTestNG13" name="numberDropDown" time="28.260"/>
  <testcase classname="seleniumQA1.MallikarjunaTestNG13" name="salutationDropDown" time="30.084"/>
  <testcase classname="seleniumQA1.MallikarjunaTestNG13" name="filesDropDown" time="39.695"/>
  <testcase classname="seleniumQA1.MallikarjunaTestNG13" name="selectDropDown" time="26.177"/>
</testsuite> <!-- seleniumQA1.MallikarjunaTestNG13 -->
