<?xml version="1.0" encoding="UTF-8"?>
<!-- Generated by org.testng.reporters.JUnitReportReporter -->
<testsuite ignored="0" hostname="DESKTOP-6K6D6KB" failures="0" tests="3" name="seleniumQA1.ParameterizedAndCrossBrowse" time="57.083" errors="0" timestamp="14 Apr 2020 17:01:17 GMT" skipped="0">
  <testcase classname="seleniumQA1.ParameterizedAndCrossBrowse" name="carRental" time="17.936"/>
  <testcase classname="seleniumQA1.ParameterizedAndCrossBrowse" name="carRental" time="17.935"/>
  <testcase classname="seleniumQA1.ParameterizedAndCrossBrowse" name="carRental" time="21.212"/>
</testsuite> <!-- seleniumQA1.ParameterizedAndCrossBrowse -->
