<?xml version="1.0" encoding="UTF-8"?>
<!-- Generated by org.testng.reporters.JUnitReportReporter -->
<testsuite ignored="0" hostname="DESKTOP-6K6D6KB" failures="0" tests="1" name="seleniumQA1.OlayInvalidLogin2" time="24.238" errors="0" timestamp="15 Apr 2020 15:00:22 GMT" skipped="0">
  <testcase classname="seleniumQA1.OlayInvalidLogin2" name="invalidLogin" time="24.238"/>
</testsuite> <!-- seleniumQA1.OlayInvalidLogin2 -->
