<?xml version="1.0" encoding="UTF-8"?>
<!-- Generated by org.testng.reporters.JUnitReportReporter -->
<testsuite ignored="0" hostname="DESKTOP-6K6D6KB" failures="0" tests="1" name="seleniumQA1.OlayRegistration" time="25.519" errors="0" timestamp="15 Apr 2020 13:45:01 GMT" skipped="0">
  <testcase classname="seleniumQA1.OlayRegistration" name="olayLogin1" time="25.519"/>
</testsuite> <!-- seleniumQA1.OlayRegistration -->
