<?xml version="1.0" encoding="UTF-8"?>
<!-- Generated by org.testng.reporters.JUnitReportReporter -->
<testsuite ignored="0" hostname="DESKTOP-6K6D6KB" failures="0" tests="1" name="seleniumQA1.MakeMyTrip" time="32.192" errors="0" timestamp="15 Apr 2020 09:40:08 GMT" skipped="0">
  <testcase classname="seleniumQA1.MakeMyTrip" name="bookTicket" time="32.192"/>
</testsuite> <!-- seleniumQA1.MakeMyTrip -->
