<?xml version="1.0" encoding="UTF-8"?>
<!-- Generated by org.testng.reporters.JUnitReportReporter -->
<testsuite ignored="0" hostname="DESKTOP-6K6D6KB" failures="0" tests="1" name="seleniumQA1.OlayLogin" time="37.303" errors="0" timestamp="16 Apr 2020 15:18:31 GMT" skipped="0">
  <testcase classname="seleniumQA1.OlayLogin" name="loginApp" time="37.303"/>
</testsuite> <!-- seleniumQA1.OlayLogin -->
