<?xml version="1.0" encoding="UTF-8"?>
<!-- Generated by org.testng.reporters.JUnitReportReporter -->
<testsuite ignored="0" hostname="DESKTOP-6K6D6KB" failures="0" tests="1" name="seleniumQA1.OlayForgetPassword" time="21.221" errors="0" timestamp="15 Apr 2020 14:24:21 GMT" skipped="0">
  <testcase classname="seleniumQA1.OlayForgetPassword" name="loginApp" time="21.221"/>
</testsuite> <!-- seleniumQA1.OlayForgetPassword -->
