<?xml version="1.0" encoding="UTF-8"?>
<!-- Generated by org.testng.reporters.JUnitReportReporter -->
<testsuite ignored="0" hostname="DESKTOP-6K6D6KB" failures="0" tests="1" name="seleniumQA1.SelectItems" time="11.159" errors="0" timestamp="14 Apr 2020 14:15:24 GMT" skipped="0">
  <testcase classname="seleniumQA1.SelectItems" name="clickItems" time="11.159"/>
</testsuite> <!-- seleniumQA1.SelectItems -->
