<?xml version="1.0" encoding="UTF-8"?>
<!-- Generated by org.testng.reporters.JUnitReportReporter -->
<testsuite ignored="0" hostname="DESKTOP-6K6D6KB" failures="0" tests="1" name="seleniumQA1.MallikarjunaTestNG8" time="21.525" errors="0" timestamp="13 Apr 2020 17:17:46 GMT" skipped="0">
  <testcase classname="seleniumQA1.MallikarjunaTestNG8" name="datePicker" time="21.525"/>
</testsuite> <!-- seleniumQA1.MallikarjunaTestNG8 -->
